[2024-10-23 10:39:17] development.ERROR: The "-s" option does not exist. {"exception":"[object] (Symfony\\Component\\Console\\Exception\\RuntimeException(code: 0): The \"-s\" option does not exist. at /Users/aybarsm/PersonalSync/Coding/php/LaravelZero/ntrn-chief/vendor/symfony/console/Input/ArgvInput.php:205)
[stacktrace]
#0 /Users/aybarsm/PersonalSync/Coding/php/LaravelZero/ntrn-chief/vendor/symfony/console/Input/ArgvInput.php(107): Symfony\\Component\\Console\\Input\\ArgvInput->addShortOption('s', NULL)
#1 /Users/aybarsm/PersonalSync/Coding/php/LaravelZero/ntrn-chief/vendor/symfony/console/Input/ArgvInput.php(84): Symfony\\Component\\Console\\Input\\ArgvInput->parseShortOption('-s')
#2 /Users/aybarsm/PersonalSync/Coding/php/LaravelZero/ntrn-chief/vendor/symfony/console/Input/ArgvInput.php(71): Symfony\\Component\\Console\\Input\\ArgvInput->parseToken('-s', true)
#3 /Users/aybarsm/PersonalSync/Coding/php/LaravelZero/ntrn-chief/vendor/symfony/console/Input/Input.php(53): Symfony\\Component\\Console\\Input\\ArgvInput->parse()
#4 /Users/aybarsm/PersonalSync/Coding/php/LaravelZero/ntrn-chief/vendor/symfony/console/Command/Command.php(238): Symfony\\Component\\Console\\Input\\Input->bind(Object(Symfony\\Component\\Console\\Input\\InputDefinition))
#5 /Users/aybarsm/PersonalSync/Coding/php/LaravelZero/ntrn-chief/vendor/illuminate/console/Command.php(182): Symfony\\Component\\Console\\Command\\Command->run(Object(Symfony\\Component\\Console\\Input\\ArgvInput), Object(Illuminate\\Console\\OutputStyle))
#6 /Users/aybarsm/PersonalSync/Coding/php/LaravelZero/ntrn-chief/vendor/symfony/console/Application.php(1047): Illuminate\\Console\\Command->run(Object(Symfony\\Component\\Console\\Input\\ArgvInput), Object(Symfony\\Component\\Console\\Output\\ConsoleOutput))
#7 /Users/aybarsm/PersonalSync/Coding/php/LaravelZero/ntrn-chief/vendor/symfony/console/Application.php(316): Symfony\\Component\\Console\\Application->doRunCommand(Object(LaravelZero\\Framework\\Commands\\MakeCommand), Object(Symfony\\Component\\Console\\Input\\ArgvInput), Object(Symfony\\Component\\Console\\Output\\ConsoleOutput))
#8 /Users/aybarsm/PersonalSync/Coding/php/LaravelZero/ntrn-chief/vendor/symfony/console/Application.php(167): Symfony\\Component\\Console\\Application->doRun(Object(Symfony\\Component\\Console\\Input\\ArgvInput), Object(Symfony\\Component\\Console\\Output\\ConsoleOutput))
#9 /Users/aybarsm/PersonalSync/Coding/php/LaravelZero/ntrn-chief/vendor/laravel-zero/foundation/src/Illuminate/Foundation/Console/Kernel.php(196): Symfony\\Component\\Console\\Application->run(Object(Symfony\\Component\\Console\\Input\\ArgvInput), Object(Symfony\\Component\\Console\\Output\\ConsoleOutput))
#10 /Users/aybarsm/PersonalSync/Coding/php/LaravelZero/ntrn-chief/vendor/laravel-zero/framework/src/Kernel.php(111): Illuminate\\Foundation\\Console\\Kernel->handle(Object(Symfony\\Component\\Console\\Input\\ArgvInput), Object(Symfony\\Component\\Console\\Output\\ConsoleOutput))
#11 /Users/aybarsm/PersonalSync/Coding/php/LaravelZero/ntrn-chief/ntrn(35): LaravelZero\\Framework\\Kernel->handle(Object(Symfony\\Component\\Console\\Input\\ArgvInput), Object(Symfony\\Component\\Console\\Output\\ConsoleOutput))
#12 {main}
"} 
[2024-10-23 10:39:23] development.ERROR: The "--schedule" option does not exist. {"exception":"[object] (Symfony\\Component\\Console\\Exception\\RuntimeException(code: 0): The \"--schedule\" option does not exist. at /Users/aybarsm/PersonalSync/Coding/php/LaravelZero/ntrn-chief/vendor/symfony/console/Input/ArgvInput.php:220)
[stacktrace]
#0 /Users/aybarsm/PersonalSync/Coding/php/LaravelZero/ntrn-chief/vendor/symfony/console/Input/ArgvInput.php(149): Symfony\\Component\\Console\\Input\\ArgvInput->addLongOption('schedule', NULL)
#1 /Users/aybarsm/PersonalSync/Coding/php/LaravelZero/ntrn-chief/vendor/symfony/console/Input/ArgvInput.php(82): Symfony\\Component\\Console\\Input\\ArgvInput->parseLongOption('--schedule')
#2 /Users/aybarsm/PersonalSync/Coding/php/LaravelZero/ntrn-chief/vendor/symfony/console/Input/ArgvInput.php(71): Symfony\\Component\\Console\\Input\\ArgvInput->parseToken('--schedule', true)
#3 /Users/aybarsm/PersonalSync/Coding/php/LaravelZero/ntrn-chief/vendor/symfony/console/Input/Input.php(53): Symfony\\Component\\Console\\Input\\ArgvInput->parse()
#4 /Users/aybarsm/PersonalSync/Coding/php/LaravelZero/ntrn-chief/vendor/symfony/console/Command/Command.php(238): Symfony\\Component\\Console\\Input\\Input->bind(Object(Symfony\\Component\\Console\\Input\\InputDefinition))
#5 /Users/aybarsm/PersonalSync/Coding/php/LaravelZero/ntrn-chief/vendor/illuminate/console/Command.php(182): Symfony\\Component\\Console\\Command\\Command->run(Object(Symfony\\Component\\Console\\Input\\ArgvInput), Object(Illuminate\\Console\\OutputStyle))
#6 /Users/aybarsm/PersonalSync/Coding/php/LaravelZero/ntrn-chief/vendor/symfony/console/Application.php(1047): Illuminate\\Console\\Command->run(Object(Symfony\\Component\\Console\\Input\\ArgvInput), Object(Symfony\\Component\\Console\\Output\\ConsoleOutput))
#7 /Users/aybarsm/PersonalSync/Coding/php/LaravelZero/ntrn-chief/vendor/symfony/console/Application.php(316): Symfony\\Component\\Console\\Application->doRunCommand(Object(LaravelZero\\Framework\\Commands\\MakeCommand), Object(Symfony\\Component\\Console\\Input\\ArgvInput), Object(Symfony\\Component\\Console\\Output\\ConsoleOutput))
#8 /Users/aybarsm/PersonalSync/Coding/php/LaravelZero/ntrn-chief/vendor/symfony/console/Application.php(167): Symfony\\Component\\Console\\Application->doRun(Object(Symfony\\Component\\Console\\Input\\ArgvInput), Object(Symfony\\Component\\Console\\Output\\ConsoleOutput))
#9 /Users/aybarsm/PersonalSync/Coding/php/LaravelZero/ntrn-chief/vendor/laravel-zero/foundation/src/Illuminate/Foundation/Console/Kernel.php(196): Symfony\\Component\\Console\\Application->run(Object(Symfony\\Component\\Console\\Input\\ArgvInput), Object(Symfony\\Component\\Console\\Output\\ConsoleOutput))
#10 /Users/aybarsm/PersonalSync/Coding/php/LaravelZero/ntrn-chief/vendor/laravel-zero/framework/src/Kernel.php(111): Illuminate\\Foundation\\Console\\Kernel->handle(Object(Symfony\\Component\\Console\\Input\\ArgvInput), Object(Symfony\\Component\\Console\\Output\\ConsoleOutput))
#11 /Users/aybarsm/PersonalSync/Coding/php/LaravelZero/ntrn-chief/ntrn(35): LaravelZero\\Framework\\Kernel->handle(Object(Symfony\\Component\\Console\\Input\\ArgvInput), Object(Symfony\\Component\\Console\\Output\\ConsoleOutput))
#12 {main}
"} 
[2024-10-23 10:39:47] development.ERROR: The "--schedule" option does not exist. {"exception":"[object] (Symfony\\Component\\Console\\Exception\\RuntimeException(code: 0): The \"--schedule\" option does not exist. at /Users/aybarsm/PersonalSync/Coding/php/LaravelZero/ntrn-chief/vendor/symfony/console/Input/ArgvInput.php:220)
[stacktrace]
#0 /Users/aybarsm/PersonalSync/Coding/php/LaravelZero/ntrn-chief/vendor/symfony/console/Input/ArgvInput.php(149): Symfony\\Component\\Console\\Input\\ArgvInput->addLongOption('schedule', NULL)
#1 /Users/aybarsm/PersonalSync/Coding/php/LaravelZero/ntrn-chief/vendor/symfony/console/Input/ArgvInput.php(82): Symfony\\Component\\Console\\Input\\ArgvInput->parseLongOption('--schedule')
#2 /Users/aybarsm/PersonalSync/Coding/php/LaravelZero/ntrn-chief/vendor/symfony/console/Input/ArgvInput.php(71): Symfony\\Component\\Console\\Input\\ArgvInput->parseToken('--schedule', true)
#3 /Users/aybarsm/PersonalSync/Coding/php/LaravelZero/ntrn-chief/vendor/symfony/console/Input/Input.php(53): Symfony\\Component\\Console\\Input\\ArgvInput->parse()
#4 /Users/aybarsm/PersonalSync/Coding/php/LaravelZero/ntrn-chief/vendor/symfony/console/Command/Command.php(238): Symfony\\Component\\Console\\Input\\Input->bind(Object(Symfony\\Component\\Console\\Input\\InputDefinition))
#5 /Users/aybarsm/PersonalSync/Coding/php/LaravelZero/ntrn-chief/vendor/illuminate/console/Command.php(182): Symfony\\Component\\Console\\Command\\Command->run(Object(Symfony\\Component\\Console\\Input\\ArgvInput), Object(Illuminate\\Console\\OutputStyle))
#6 /Users/aybarsm/PersonalSync/Coding/php/LaravelZero/ntrn-chief/vendor/symfony/console/Application.php(1047): Illuminate\\Console\\Command->run(Object(Symfony\\Component\\Console\\Input\\ArgvInput), Object(Symfony\\Component\\Console\\Output\\ConsoleOutput))
#7 /Users/aybarsm/PersonalSync/Coding/php/LaravelZero/ntrn-chief/vendor/symfony/console/Application.php(316): Symfony\\Component\\Console\\Application->doRunCommand(Object(LaravelZero\\Framework\\Commands\\MakeCommand), Object(Symfony\\Component\\Console\\Input\\ArgvInput), Object(Symfony\\Component\\Console\\Output\\ConsoleOutput))
#8 /Users/aybarsm/PersonalSync/Coding/php/LaravelZero/ntrn-chief/vendor/symfony/console/Application.php(167): Symfony\\Component\\Console\\Application->doRun(Object(Symfony\\Component\\Console\\Input\\ArgvInput), Object(Symfony\\Component\\Console\\Output\\ConsoleOutput))
#9 /Users/aybarsm/PersonalSync/Coding/php/LaravelZero/ntrn-chief/vendor/laravel-zero/foundation/src/Illuminate/Foundation/Console/Kernel.php(196): Symfony\\Component\\Console\\Application->run(Object(Symfony\\Component\\Console\\Input\\ArgvInput), Object(Symfony\\Component\\Console\\Output\\ConsoleOutput))
#10 /Users/aybarsm/PersonalSync/Coding/php/LaravelZero/ntrn-chief/vendor/laravel-zero/framework/src/Kernel.php(111): Illuminate\\Foundation\\Console\\Kernel->handle(Object(Symfony\\Component\\Console\\Input\\ArgvInput), Object(Symfony\\Component\\Console\\Output\\ConsoleOutput))
#11 /Users/aybarsm/PersonalSync/Coding/php/LaravelZero/ntrn-chief/ntrn(35): LaravelZero\\Framework\\Kernel->handle(Object(Symfony\\Component\\Console\\Input\\ArgvInput), Object(Symfony\\Component\\Console\\Output\\ConsoleOutput))
#12 {main}
"} 
[2024-10-23 10:39:53] development.ERROR: The "-s" option does not exist. {"exception":"[object] (Symfony\\Component\\Console\\Exception\\RuntimeException(code: 0): The \"-s\" option does not exist. at /Users/aybarsm/PersonalSync/Coding/php/LaravelZero/ntrn-chief/vendor/symfony/console/Input/ArgvInput.php:205)
[stacktrace]
#0 /Users/aybarsm/PersonalSync/Coding/php/LaravelZero/ntrn-chief/vendor/symfony/console/Input/ArgvInput.php(107): Symfony\\Component\\Console\\Input\\ArgvInput->addShortOption('s', NULL)
#1 /Users/aybarsm/PersonalSync/Coding/php/LaravelZero/ntrn-chief/vendor/symfony/console/Input/ArgvInput.php(84): Symfony\\Component\\Console\\Input\\ArgvInput->parseShortOption('-s')
#2 /Users/aybarsm/PersonalSync/Coding/php/LaravelZero/ntrn-chief/vendor/symfony/console/Input/ArgvInput.php(71): Symfony\\Component\\Console\\Input\\ArgvInput->parseToken('-s', true)
#3 /Users/aybarsm/PersonalSync/Coding/php/LaravelZero/ntrn-chief/vendor/symfony/console/Input/Input.php(53): Symfony\\Component\\Console\\Input\\ArgvInput->parse()
#4 /Users/aybarsm/PersonalSync/Coding/php/LaravelZero/ntrn-chief/vendor/symfony/console/Command/Command.php(238): Symfony\\Component\\Console\\Input\\Input->bind(Object(Symfony\\Component\\Console\\Input\\InputDefinition))
#5 /Users/aybarsm/PersonalSync/Coding/php/LaravelZero/ntrn-chief/vendor/illuminate/console/Command.php(182): Symfony\\Component\\Console\\Command\\Command->run(Object(Symfony\\Component\\Console\\Input\\ArgvInput), Object(Illuminate\\Console\\OutputStyle))
#6 /Users/aybarsm/PersonalSync/Coding/php/LaravelZero/ntrn-chief/vendor/symfony/console/Application.php(1047): Illuminate\\Console\\Command->run(Object(Symfony\\Component\\Console\\Input\\ArgvInput), Object(Symfony\\Component\\Console\\Output\\ConsoleOutput))
#7 /Users/aybarsm/PersonalSync/Coding/php/LaravelZero/ntrn-chief/vendor/symfony/console/Application.php(316): Symfony\\Component\\Console\\Application->doRunCommand(Object(LaravelZero\\Framework\\Commands\\MakeCommand), Object(Symfony\\Component\\Console\\Input\\ArgvInput), Object(Symfony\\Component\\Console\\Output\\ConsoleOutput))
#8 /Users/aybarsm/PersonalSync/Coding/php/LaravelZero/ntrn-chief/vendor/symfony/console/Application.php(167): Symfony\\Component\\Console\\Application->doRun(Object(Symfony\\Component\\Console\\Input\\ArgvInput), Object(Symfony\\Component\\Console\\Output\\ConsoleOutput))
#9 /Users/aybarsm/PersonalSync/Coding/php/LaravelZero/ntrn-chief/vendor/laravel-zero/foundation/src/Illuminate/Foundation/Console/Kernel.php(196): Symfony\\Component\\Console\\Application->run(Object(Symfony\\Component\\Console\\Input\\ArgvInput), Object(Symfony\\Component\\Console\\Output\\ConsoleOutput))
#10 /Users/aybarsm/PersonalSync/Coding/php/LaravelZero/ntrn-chief/vendor/laravel-zero/framework/src/Kernel.php(111): Illuminate\\Foundation\\Console\\Kernel->handle(Object(Symfony\\Component\\Console\\Input\\ArgvInput), Object(Symfony\\Component\\Console\\Output\\ConsoleOutput))
#11 /Users/aybarsm/PersonalSync/Coding/php/LaravelZero/ntrn-chief/ntrn(35): LaravelZero\\Framework\\Kernel->handle(Object(Symfony\\Component\\Console\\Input\\ArgvInput), Object(Symfony\\Component\\Console\\Output\\ConsoleOutput))
#12 {main}
"} 
[2024-10-23 10:44:50] development.ERROR: The "-s" option does not exist. {"exception":"[object] (Symfony\\Component\\Console\\Exception\\RuntimeException(code: 0): The \"-s\" option does not exist. at /Users/aybarsm/PersonalSync/Coding/php/LaravelZero/ntrn-chief/vendor/symfony/console/Input/ArgvInput.php:205)
[stacktrace]
#0 /Users/aybarsm/PersonalSync/Coding/php/LaravelZero/ntrn-chief/vendor/symfony/console/Input/ArgvInput.php(107): Symfony\\Component\\Console\\Input\\ArgvInput->addShortOption('s', NULL)
#1 /Users/aybarsm/PersonalSync/Coding/php/LaravelZero/ntrn-chief/vendor/symfony/console/Input/ArgvInput.php(84): Symfony\\Component\\Console\\Input\\ArgvInput->parseShortOption('-s')
#2 /Users/aybarsm/PersonalSync/Coding/php/LaravelZero/ntrn-chief/vendor/symfony/console/Input/ArgvInput.php(71): Symfony\\Component\\Console\\Input\\ArgvInput->parseToken('-s', true)
#3 /Users/aybarsm/PersonalSync/Coding/php/LaravelZero/ntrn-chief/vendor/symfony/console/Input/Input.php(53): Symfony\\Component\\Console\\Input\\ArgvInput->parse()
#4 /Users/aybarsm/PersonalSync/Coding/php/LaravelZero/ntrn-chief/vendor/symfony/console/Command/Command.php(238): Symfony\\Component\\Console\\Input\\Input->bind(Object(Symfony\\Component\\Console\\Input\\InputDefinition))
#5 /Users/aybarsm/PersonalSync/Coding/php/LaravelZero/ntrn-chief/vendor/illuminate/console/Command.php(182): Symfony\\Component\\Console\\Command\\Command->run(Object(Symfony\\Component\\Console\\Input\\ArgvInput), Object(Illuminate\\Console\\OutputStyle))
#6 /Users/aybarsm/PersonalSync/Coding/php/LaravelZero/ntrn-chief/vendor/symfony/console/Application.php(1047): Illuminate\\Console\\Command->run(Object(Symfony\\Component\\Console\\Input\\ArgvInput), Object(Symfony\\Component\\Console\\Output\\ConsoleOutput))
#7 /Users/aybarsm/PersonalSync/Coding/php/LaravelZero/ntrn-chief/vendor/symfony/console/Application.php(316): Symfony\\Component\\Console\\Application->doRunCommand(Object(LaravelZero\\Framework\\Commands\\MakeCommand), Object(Symfony\\Component\\Console\\Input\\ArgvInput), Object(Symfony\\Component\\Console\\Output\\ConsoleOutput))
#8 /Users/aybarsm/PersonalSync/Coding/php/LaravelZero/ntrn-chief/vendor/symfony/console/Application.php(167): Symfony\\Component\\Console\\Application->doRun(Object(Symfony\\Component\\Console\\Input\\ArgvInput), Object(Symfony\\Component\\Console\\Output\\ConsoleOutput))
#9 /Users/aybarsm/PersonalSync/Coding/php/LaravelZero/ntrn-chief/vendor/laravel-zero/foundation/src/Illuminate/Foundation/Console/Kernel.php(196): Symfony\\Component\\Console\\Application->run(Object(Symfony\\Component\\Console\\Input\\ArgvInput), Object(Symfony\\Component\\Console\\Output\\ConsoleOutput))
#10 /Users/aybarsm/PersonalSync/Coding/php/LaravelZero/ntrn-chief/vendor/laravel-zero/framework/src/Kernel.php(111): Illuminate\\Foundation\\Console\\Kernel->handle(Object(Symfony\\Component\\Console\\Input\\ArgvInput), Object(Symfony\\Component\\Console\\Output\\ConsoleOutput))
#11 /Users/aybarsm/PersonalSync/Coding/php/LaravelZero/ntrn-chief/ntrn(35): LaravelZero\\Framework\\Kernel->handle(Object(Symfony\\Component\\Console\\Input\\ArgvInput), Object(Symfony\\Component\\Console\\Output\\ConsoleOutput))
#12 {main}
"} 
[2024-10-23 11:28:56] development.ERROR: Undefined array key "NTRN_ENV" {"exception":"[object] (ErrorException(code: 0): Undefined array key \"NTRN_ENV\" at /Users/aybarsm/PersonalSync/Coding/php/LaravelZero/ntrn-chief/app/Providers/AppServiceProvider.php:17)
[stacktrace]
#0 /Users/aybarsm/PersonalSync/Coding/php/LaravelZero/ntrn-chief/vendor/laravel-zero/foundation/src/Illuminate/Foundation/Bootstrap/HandleExceptions.php(256): Illuminate\\Foundation\\Bootstrap\\HandleExceptions->handleError(2, 'Undefined array...', '/Users/aybarsm/...', 17)
#1 /Users/aybarsm/PersonalSync/Coding/php/LaravelZero/ntrn-chief/app/Providers/AppServiceProvider.php(17): Illuminate\\Foundation\\Bootstrap\\HandleExceptions->Illuminate\\Foundation\\Bootstrap\\{closure}(2, 'Undefined array...', '/Users/aybarsm/...', 17)
#2 /Users/aybarsm/PersonalSync/Coding/php/LaravelZero/ntrn-chief/vendor/illuminate/container/BoundMethod.php(36): App\\Providers\\AppServiceProvider->boot()
#3 /Users/aybarsm/PersonalSync/Coding/php/LaravelZero/ntrn-chief/vendor/illuminate/container/Util.php(43): Illuminate\\Container\\BoundMethod::Illuminate\\Container\\{closure}()
#4 /Users/aybarsm/PersonalSync/Coding/php/LaravelZero/ntrn-chief/vendor/illuminate/container/BoundMethod.php(95): Illuminate\\Container\\Util::unwrapIfClosure(Object(Closure))
#5 /Users/aybarsm/PersonalSync/Coding/php/LaravelZero/ntrn-chief/vendor/illuminate/container/BoundMethod.php(35): Illuminate\\Container\\BoundMethod::callBoundMethod(Object(LaravelZero\\Framework\\Application), Array, Object(Closure))
#6 /Users/aybarsm/PersonalSync/Coding/php/LaravelZero/ntrn-chief/vendor/illuminate/container/Container.php(690): Illuminate\\Container\\BoundMethod::call(Object(LaravelZero\\Framework\\Application), Array, Array, NULL)
#7 /Users/aybarsm/PersonalSync/Coding/php/LaravelZero/ntrn-chief/vendor/laravel-zero/foundation/src/Illuminate/Foundation/Application.php(1098): Illuminate\\Container\\Container->call(Array)
#8 /Users/aybarsm/PersonalSync/Coding/php/LaravelZero/ntrn-chief/vendor/laravel-zero/foundation/src/Illuminate/Foundation/Application.php(1079): Illuminate\\Foundation\\Application->bootProvider(Object(App\\Providers\\AppServiceProvider))
#9 [internal function]: Illuminate\\Foundation\\Application->Illuminate\\Foundation\\{closure}(Object(App\\Providers\\AppServiceProvider), 1)
#10 /Users/aybarsm/PersonalSync/Coding/php/LaravelZero/ntrn-chief/vendor/laravel-zero/foundation/src/Illuminate/Foundation/Application.php(1078): array_walk(Array, Object(Closure))
#11 /Users/aybarsm/PersonalSync/Coding/php/LaravelZero/ntrn-chief/vendor/laravel-zero/foundation/src/Illuminate/Foundation/Bootstrap/BootProviders.php(17): Illuminate\\Foundation\\Application->boot()
#12 /Users/aybarsm/PersonalSync/Coding/php/LaravelZero/ntrn-chief/vendor/laravel-zero/foundation/src/Illuminate/Foundation/Application.php(308): Illuminate\\Foundation\\Bootstrap\\BootProviders->bootstrap(Object(LaravelZero\\Framework\\Application))
#13 /Users/aybarsm/PersonalSync/Coding/php/LaravelZero/ntrn-chief/vendor/laravel-zero/foundation/src/Illuminate/Foundation/Console/Kernel.php(470): Illuminate\\Foundation\\Application->bootstrapWith(Array)
#14 /Users/aybarsm/PersonalSync/Coding/php/LaravelZero/ntrn-chief/vendor/laravel-zero/framework/src/Kernel.php(150): Illuminate\\Foundation\\Console\\Kernel->bootstrap()
#15 /Users/aybarsm/PersonalSync/Coding/php/LaravelZero/ntrn-chief/vendor/laravel-zero/framework/src/Kernel.php(122): LaravelZero\\Framework\\Kernel->bootstrap()
#16 /Users/aybarsm/PersonalSync/Coding/php/LaravelZero/ntrn-chief/vendor/laravel-zero/framework/src/Kernel.php(109): LaravelZero\\Framework\\Kernel->ensureDefaultCommand(Object(Symfony\\Component\\Console\\Input\\ArgvInput))
#17 /Users/aybarsm/PersonalSync/Coding/php/LaravelZero/ntrn-chief/ntrn(35): LaravelZero\\Framework\\Kernel->handle(Object(Symfony\\Component\\Console\\Input\\ArgvInput), Object(Symfony\\Component\\Console\\Output\\ConsoleOutput))
#18 {main}
"} 
[2024-10-23 11:29:46] development.ERROR: Undefined array key "NTRN_ENV" {"exception":"[object] (ErrorException(code: 0): Undefined array key \"NTRN_ENV\" at /Users/aybarsm/PersonalSync/Coding/php/LaravelZero/ntrn-chief/app/Providers/AppServiceProvider.php:17)
[stacktrace]
#0 /Users/aybarsm/PersonalSync/Coding/php/LaravelZero/ntrn-chief/vendor/laravel-zero/foundation/src/Illuminate/Foundation/Bootstrap/HandleExceptions.php(256): Illuminate\\Foundation\\Bootstrap\\HandleExceptions->handleError(2, 'Undefined array...', '/Users/aybarsm/...', 17)
#1 /Users/aybarsm/PersonalSync/Coding/php/LaravelZero/ntrn-chief/app/Providers/AppServiceProvider.php(17): Illuminate\\Foundation\\Bootstrap\\HandleExceptions->Illuminate\\Foundation\\Bootstrap\\{closure}(2, 'Undefined array...', '/Users/aybarsm/...', 17)
#2 /Users/aybarsm/PersonalSync/Coding/php/LaravelZero/ntrn-chief/vendor/illuminate/container/BoundMethod.php(36): App\\Providers\\AppServiceProvider->boot()
#3 /Users/aybarsm/PersonalSync/Coding/php/LaravelZero/ntrn-chief/vendor/illuminate/container/Util.php(43): Illuminate\\Container\\BoundMethod::Illuminate\\Container\\{closure}()
#4 /Users/aybarsm/PersonalSync/Coding/php/LaravelZero/ntrn-chief/vendor/illuminate/container/BoundMethod.php(95): Illuminate\\Container\\Util::unwrapIfClosure(Object(Closure))
#5 /Users/aybarsm/PersonalSync/Coding/php/LaravelZero/ntrn-chief/vendor/illuminate/container/BoundMethod.php(35): Illuminate\\Container\\BoundMethod::callBoundMethod(Object(LaravelZero\\Framework\\Application), Array, Object(Closure))
#6 /Users/aybarsm/PersonalSync/Coding/php/LaravelZero/ntrn-chief/vendor/illuminate/container/Container.php(690): Illuminate\\Container\\BoundMethod::call(Object(LaravelZero\\Framework\\Application), Array, Array, NULL)
#7 /Users/aybarsm/PersonalSync/Coding/php/LaravelZero/ntrn-chief/vendor/laravel-zero/foundation/src/Illuminate/Foundation/Application.php(1098): Illuminate\\Container\\Container->call(Array)
#8 /Users/aybarsm/PersonalSync/Coding/php/LaravelZero/ntrn-chief/vendor/laravel-zero/foundation/src/Illuminate/Foundation/Application.php(1079): Illuminate\\Foundation\\Application->bootProvider(Object(App\\Providers\\AppServiceProvider))
#9 [internal function]: Illuminate\\Foundation\\Application->Illuminate\\Foundation\\{closure}(Object(App\\Providers\\AppServiceProvider), 1)
#10 /Users/aybarsm/PersonalSync/Coding/php/LaravelZero/ntrn-chief/vendor/laravel-zero/foundation/src/Illuminate/Foundation/Application.php(1078): array_walk(Array, Object(Closure))
#11 /Users/aybarsm/PersonalSync/Coding/php/LaravelZero/ntrn-chief/vendor/laravel-zero/foundation/src/Illuminate/Foundation/Bootstrap/BootProviders.php(17): Illuminate\\Foundation\\Application->boot()
#12 /Users/aybarsm/PersonalSync/Coding/php/LaravelZero/ntrn-chief/vendor/laravel-zero/foundation/src/Illuminate/Foundation/Application.php(308): Illuminate\\Foundation\\Bootstrap\\BootProviders->bootstrap(Object(LaravelZero\\Framework\\Application))
#13 /Users/aybarsm/PersonalSync/Coding/php/LaravelZero/ntrn-chief/vendor/laravel-zero/foundation/src/Illuminate/Foundation/Console/Kernel.php(470): Illuminate\\Foundation\\Application->bootstrapWith(Array)
#14 /Users/aybarsm/PersonalSync/Coding/php/LaravelZero/ntrn-chief/vendor/laravel-zero/framework/src/Kernel.php(150): Illuminate\\Foundation\\Console\\Kernel->bootstrap()
#15 /Users/aybarsm/PersonalSync/Coding/php/LaravelZero/ntrn-chief/vendor/laravel-zero/framework/src/Kernel.php(122): LaravelZero\\Framework\\Kernel->bootstrap()
#16 /Users/aybarsm/PersonalSync/Coding/php/LaravelZero/ntrn-chief/vendor/laravel-zero/framework/src/Kernel.php(109): LaravelZero\\Framework\\Kernel->ensureDefaultCommand(Object(Symfony\\Component\\Console\\Input\\ArgvInput))
#17 /Users/aybarsm/PersonalSync/Coding/php/LaravelZero/ntrn-chief/ntrn(35): LaravelZero\\Framework\\Kernel->handle(Object(Symfony\\Component\\Console\\Input\\ArgvInput), Object(Symfony\\Component\\Console\\Output\\ConsoleOutput))
#18 {main}
"} 
[2024-10-23 12:01:08] development.ERROR: Class "Illuminate\Encryption\Encrypter" not found {"exception":"[object] (Error(code: 0): Class \"Illuminate\\Encryption\\Encrypter\" not found at /Users/aybarsm/PersonalSync/Coding/php/LaravelZero/ntrn-chief/vendor/laravel-zero/foundation/src/Illuminate/Foundation/Console/KeyGenerateCommand.php:64)
[stacktrace]
#0 /Users/aybarsm/PersonalSync/Coding/php/LaravelZero/ntrn-chief/vendor/laravel-zero/foundation/src/Illuminate/Foundation/Console/KeyGenerateCommand.php(38): Illuminate\\Foundation\\Console\\KeyGenerateCommand->generateRandomKey()
#1 /Users/aybarsm/PersonalSync/Coding/php/LaravelZero/ntrn-chief/vendor/illuminate/container/BoundMethod.php(36): Illuminate\\Foundation\\Console\\KeyGenerateCommand->handle()
#2 /Users/aybarsm/PersonalSync/Coding/php/LaravelZero/ntrn-chief/vendor/illuminate/container/Util.php(43): Illuminate\\Container\\BoundMethod::Illuminate\\Container\\{closure}()
#3 /Users/aybarsm/PersonalSync/Coding/php/LaravelZero/ntrn-chief/vendor/illuminate/container/BoundMethod.php(95): Illuminate\\Container\\Util::unwrapIfClosure(Object(Closure))
#4 /Users/aybarsm/PersonalSync/Coding/php/LaravelZero/ntrn-chief/vendor/illuminate/container/BoundMethod.php(35): Illuminate\\Container\\BoundMethod::callBoundMethod(Object(LaravelZero\\Framework\\Application), Array, Object(Closure))
#5 /Users/aybarsm/PersonalSync/Coding/php/LaravelZero/ntrn-chief/vendor/illuminate/container/Container.php(690): Illuminate\\Container\\BoundMethod::call(Object(LaravelZero\\Framework\\Application), Array, Array, NULL)
#6 /Users/aybarsm/PersonalSync/Coding/php/LaravelZero/ntrn-chief/vendor/illuminate/console/Command.php(213): Illuminate\\Container\\Container->call(Array)
#7 /Users/aybarsm/PersonalSync/Coding/php/LaravelZero/ntrn-chief/vendor/symfony/console/Command/Command.php(279): Illuminate\\Console\\Command->execute(Object(Symfony\\Component\\Console\\Input\\ArgvInput), Object(Illuminate\\Console\\OutputStyle))
#8 /Users/aybarsm/PersonalSync/Coding/php/LaravelZero/ntrn-chief/vendor/illuminate/console/Command.php(182): Symfony\\Component\\Console\\Command\\Command->run(Object(Symfony\\Component\\Console\\Input\\ArgvInput), Object(Illuminate\\Console\\OutputStyle))
#9 /Users/aybarsm/PersonalSync/Coding/php/LaravelZero/ntrn-chief/vendor/symfony/console/Application.php(1047): Illuminate\\Console\\Command->run(Object(Symfony\\Component\\Console\\Input\\ArgvInput), Object(Symfony\\Component\\Console\\Output\\ConsoleOutput))
#10 /Users/aybarsm/PersonalSync/Coding/php/LaravelZero/ntrn-chief/vendor/symfony/console/Application.php(316): Symfony\\Component\\Console\\Application->doRunCommand(Object(Illuminate\\Foundation\\Console\\KeyGenerateCommand), Object(Symfony\\Component\\Console\\Input\\ArgvInput), Object(Symfony\\Component\\Console\\Output\\ConsoleOutput))
#11 /Users/aybarsm/PersonalSync/Coding/php/LaravelZero/ntrn-chief/vendor/symfony/console/Application.php(167): Symfony\\Component\\Console\\Application->doRun(Object(Symfony\\Component\\Console\\Input\\ArgvInput), Object(Symfony\\Component\\Console\\Output\\ConsoleOutput))
#12 /Users/aybarsm/PersonalSync/Coding/php/LaravelZero/ntrn-chief/vendor/laravel-zero/foundation/src/Illuminate/Foundation/Console/Kernel.php(196): Symfony\\Component\\Console\\Application->run(Object(Symfony\\Component\\Console\\Input\\ArgvInput), Object(Symfony\\Component\\Console\\Output\\ConsoleOutput))
#13 /Users/aybarsm/PersonalSync/Coding/php/LaravelZero/ntrn-chief/vendor/laravel-zero/framework/src/Kernel.php(111): Illuminate\\Foundation\\Console\\Kernel->handle(Object(Symfony\\Component\\Console\\Input\\ArgvInput), Object(Symfony\\Component\\Console\\Output\\ConsoleOutput))
#14 /Users/aybarsm/PersonalSync/Coding/php/LaravelZero/ntrn-chief/ntrn(35): LaravelZero\\Framework\\Kernel->handle(Object(Symfony\\Component\\Console\\Input\\ArgvInput), Object(Symfony\\Component\\Console\\Output\\ConsoleOutput))
#15 {main}
"} 
[2024-10-23 12:02:12] development.ERROR: file_get_contents(/Users/aybarsm/PersonalSync/Coding/php/LaravelZero/ntrn-chief/.env.ntrn.bak0/.env): Failed to open stream: No such file or directory {"exception":"[object] (ErrorException(code: 0): file_get_contents(/Users/aybarsm/PersonalSync/Coding/php/LaravelZero/ntrn-chief/.env.ntrn.bak0/.env): Failed to open stream: No such file or directory at /Users/aybarsm/PersonalSync/Coding/php/LaravelZero/ntrn-chief/vendor/laravel-zero/foundation/src/Illuminate/Foundation/Console/KeyGenerateCommand.php:100)
[stacktrace]
#0 /Users/aybarsm/PersonalSync/Coding/php/LaravelZero/ntrn-chief/vendor/laravel-zero/foundation/src/Illuminate/Foundation/Bootstrap/HandleExceptions.php(256): Illuminate\\Foundation\\Bootstrap\\HandleExceptions->handleError(2, 'file_get_conten...', '/Users/aybarsm/...', 100)
#1 [internal function]: Illuminate\\Foundation\\Bootstrap\\HandleExceptions->Illuminate\\Foundation\\Bootstrap\\{closure}(2, 'file_get_conten...', '/Users/aybarsm/...', 100)
#2 /Users/aybarsm/PersonalSync/Coding/php/LaravelZero/ntrn-chief/vendor/laravel-zero/foundation/src/Illuminate/Foundation/Console/KeyGenerateCommand.php(100): file_get_contents('/Users/aybarsm/...')
#3 /Users/aybarsm/PersonalSync/Coding/php/LaravelZero/ntrn-chief/vendor/laravel-zero/foundation/src/Illuminate/Foundation/Console/KeyGenerateCommand.php(82): Illuminate\\Foundation\\Console\\KeyGenerateCommand->writeNewEnvironmentFileWith('base64:pDWJKmef...')
#4 /Users/aybarsm/PersonalSync/Coding/php/LaravelZero/ntrn-chief/vendor/laravel-zero/foundation/src/Illuminate/Foundation/Console/KeyGenerateCommand.php(47): Illuminate\\Foundation\\Console\\KeyGenerateCommand->setKeyInEnvironmentFile('base64:pDWJKmef...')
#5 /Users/aybarsm/PersonalSync/Coding/php/LaravelZero/ntrn-chief/vendor/illuminate/container/BoundMethod.php(36): Illuminate\\Foundation\\Console\\KeyGenerateCommand->handle()
#6 /Users/aybarsm/PersonalSync/Coding/php/LaravelZero/ntrn-chief/vendor/illuminate/container/Util.php(43): Illuminate\\Container\\BoundMethod::Illuminate\\Container\\{closure}()
#7 /Users/aybarsm/PersonalSync/Coding/php/LaravelZero/ntrn-chief/vendor/illuminate/container/BoundMethod.php(95): Illuminate\\Container\\Util::unwrapIfClosure(Object(Closure))
#8 /Users/aybarsm/PersonalSync/Coding/php/LaravelZero/ntrn-chief/vendor/illuminate/container/BoundMethod.php(35): Illuminate\\Container\\BoundMethod::callBoundMethod(Object(LaravelZero\\Framework\\Application), Array, Object(Closure))
#9 /Users/aybarsm/PersonalSync/Coding/php/LaravelZero/ntrn-chief/vendor/illuminate/container/Container.php(690): Illuminate\\Container\\BoundMethod::call(Object(LaravelZero\\Framework\\Application), Array, Array, NULL)
#10 /Users/aybarsm/PersonalSync/Coding/php/LaravelZero/ntrn-chief/vendor/illuminate/console/Command.php(213): Illuminate\\Container\\Container->call(Array)
#11 /Users/aybarsm/PersonalSync/Coding/php/LaravelZero/ntrn-chief/vendor/symfony/console/Command/Command.php(279): Illuminate\\Console\\Command->execute(Object(Symfony\\Component\\Console\\Input\\ArgvInput), Object(Illuminate\\Console\\OutputStyle))
#12 /Users/aybarsm/PersonalSync/Coding/php/LaravelZero/ntrn-chief/vendor/illuminate/console/Command.php(182): Symfony\\Component\\Console\\Command\\Command->run(Object(Symfony\\Component\\Console\\Input\\ArgvInput), Object(Illuminate\\Console\\OutputStyle))
#13 /Users/aybarsm/PersonalSync/Coding/php/LaravelZero/ntrn-chief/vendor/symfony/console/Application.php(1047): Illuminate\\Console\\Command->run(Object(Symfony\\Component\\Console\\Input\\ArgvInput), Object(Symfony\\Component\\Console\\Output\\ConsoleOutput))
#14 /Users/aybarsm/PersonalSync/Coding/php/LaravelZero/ntrn-chief/vendor/symfony/console/Application.php(316): Symfony\\Component\\Console\\Application->doRunCommand(Object(Illuminate\\Foundation\\Console\\KeyGenerateCommand), Object(Symfony\\Component\\Console\\Input\\ArgvInput), Object(Symfony\\Component\\Console\\Output\\ConsoleOutput))
#15 /Users/aybarsm/PersonalSync/Coding/php/LaravelZero/ntrn-chief/vendor/symfony/console/Application.php(167): Symfony\\Component\\Console\\Application->doRun(Object(Symfony\\Component\\Console\\Input\\ArgvInput), Object(Symfony\\Component\\Console\\Output\\ConsoleOutput))
#16 /Users/aybarsm/PersonalSync/Coding/php/LaravelZero/ntrn-chief/vendor/laravel-zero/foundation/src/Illuminate/Foundation/Console/Kernel.php(196): Symfony\\Component\\Console\\Application->run(Object(Symfony\\Component\\Console\\Input\\ArgvInput), Object(Symfony\\Component\\Console\\Output\\ConsoleOutput))
#17 /Users/aybarsm/PersonalSync/Coding/php/LaravelZero/ntrn-chief/vendor/laravel-zero/framework/src/Kernel.php(111): Illuminate\\Foundation\\Console\\Kernel->handle(Object(Symfony\\Component\\Console\\Input\\ArgvInput), Object(Symfony\\Component\\Console\\Output\\ConsoleOutput))
#18 /Users/aybarsm/PersonalSync/Coding/php/LaravelZero/ntrn-chief/ntrn(35): LaravelZero\\Framework\\Kernel->handle(Object(Symfony\\Component\\Console\\Input\\ArgvInput), Object(Symfony\\Component\\Console\\Output\\ConsoleOutput))
#19 {main}
"} 
[2024-10-23 12:03:21] development.ERROR: file_get_contents(/Users/aybarsm/PersonalSync/Coding/php/LaravelZero/ntrn-chief//Users/aybarsm/PersonalSync/Coding/php/LaravelZero/ntrn-chief/.env.ntrn.bak0): Failed to open stream: No such file or directory {"exception":"[object] (ErrorException(code: 0): file_get_contents(/Users/aybarsm/PersonalSync/Coding/php/LaravelZero/ntrn-chief//Users/aybarsm/PersonalSync/Coding/php/LaravelZero/ntrn-chief/.env.ntrn.bak0): Failed to open stream: No such file or directory at /Users/aybarsm/PersonalSync/Coding/php/LaravelZero/ntrn-chief/vendor/laravel-zero/foundation/src/Illuminate/Foundation/Console/KeyGenerateCommand.php:100)
[stacktrace]
#0 /Users/aybarsm/PersonalSync/Coding/php/LaravelZero/ntrn-chief/vendor/laravel-zero/foundation/src/Illuminate/Foundation/Bootstrap/HandleExceptions.php(256): Illuminate\\Foundation\\Bootstrap\\HandleExceptions->handleError(2, 'file_get_conten...', '/Users/aybarsm/...', 100)
#1 [internal function]: Illuminate\\Foundation\\Bootstrap\\HandleExceptions->Illuminate\\Foundation\\Bootstrap\\{closure}(2, 'file_get_conten...', '/Users/aybarsm/...', 100)
#2 /Users/aybarsm/PersonalSync/Coding/php/LaravelZero/ntrn-chief/vendor/laravel-zero/foundation/src/Illuminate/Foundation/Console/KeyGenerateCommand.php(100): file_get_contents('/Users/aybarsm/...')
#3 /Users/aybarsm/PersonalSync/Coding/php/LaravelZero/ntrn-chief/vendor/laravel-zero/foundation/src/Illuminate/Foundation/Console/KeyGenerateCommand.php(82): Illuminate\\Foundation\\Console\\KeyGenerateCommand->writeNewEnvironmentFileWith('base64:E0Bw+5Fa...')
#4 /Users/aybarsm/PersonalSync/Coding/php/LaravelZero/ntrn-chief/vendor/laravel-zero/foundation/src/Illuminate/Foundation/Console/KeyGenerateCommand.php(47): Illuminate\\Foundation\\Console\\KeyGenerateCommand->setKeyInEnvironmentFile('base64:E0Bw+5Fa...')
#5 /Users/aybarsm/PersonalSync/Coding/php/LaravelZero/ntrn-chief/vendor/illuminate/container/BoundMethod.php(36): Illuminate\\Foundation\\Console\\KeyGenerateCommand->handle()
#6 /Users/aybarsm/PersonalSync/Coding/php/LaravelZero/ntrn-chief/vendor/illuminate/container/Util.php(43): Illuminate\\Container\\BoundMethod::Illuminate\\Container\\{closure}()
#7 /Users/aybarsm/PersonalSync/Coding/php/LaravelZero/ntrn-chief/vendor/illuminate/container/BoundMethod.php(95): Illuminate\\Container\\Util::unwrapIfClosure(Object(Closure))
#8 /Users/aybarsm/PersonalSync/Coding/php/LaravelZero/ntrn-chief/vendor/illuminate/container/BoundMethod.php(35): Illuminate\\Container\\BoundMethod::callBoundMethod(Object(LaravelZero\\Framework\\Application), Array, Object(Closure))
#9 /Users/aybarsm/PersonalSync/Coding/php/LaravelZero/ntrn-chief/vendor/illuminate/container/Container.php(690): Illuminate\\Container\\BoundMethod::call(Object(LaravelZero\\Framework\\Application), Array, Array, NULL)
#10 /Users/aybarsm/PersonalSync/Coding/php/LaravelZero/ntrn-chief/vendor/illuminate/console/Command.php(213): Illuminate\\Container\\Container->call(Array)
#11 /Users/aybarsm/PersonalSync/Coding/php/LaravelZero/ntrn-chief/vendor/symfony/console/Command/Command.php(279): Illuminate\\Console\\Command->execute(Object(Symfony\\Component\\Console\\Input\\ArgvInput), Object(Illuminate\\Console\\OutputStyle))
#12 /Users/aybarsm/PersonalSync/Coding/php/LaravelZero/ntrn-chief/vendor/illuminate/console/Command.php(182): Symfony\\Component\\Console\\Command\\Command->run(Object(Symfony\\Component\\Console\\Input\\ArgvInput), Object(Illuminate\\Console\\OutputStyle))
#13 /Users/aybarsm/PersonalSync/Coding/php/LaravelZero/ntrn-chief/vendor/symfony/console/Application.php(1047): Illuminate\\Console\\Command->run(Object(Symfony\\Component\\Console\\Input\\ArgvInput), Object(Symfony\\Component\\Console\\Output\\ConsoleOutput))
#14 /Users/aybarsm/PersonalSync/Coding/php/LaravelZero/ntrn-chief/vendor/symfony/console/Application.php(316): Symfony\\Component\\Console\\Application->doRunCommand(Object(Illuminate\\Foundation\\Console\\KeyGenerateCommand), Object(Symfony\\Component\\Console\\Input\\ArgvInput), Object(Symfony\\Component\\Console\\Output\\ConsoleOutput))
#15 /Users/aybarsm/PersonalSync/Coding/php/LaravelZero/ntrn-chief/vendor/symfony/console/Application.php(167): Symfony\\Component\\Console\\Application->doRun(Object(Symfony\\Component\\Console\\Input\\ArgvInput), Object(Symfony\\Component\\Console\\Output\\ConsoleOutput))
#16 /Users/aybarsm/PersonalSync/Coding/php/LaravelZero/ntrn-chief/vendor/laravel-zero/foundation/src/Illuminate/Foundation/Console/Kernel.php(196): Symfony\\Component\\Console\\Application->run(Object(Symfony\\Component\\Console\\Input\\ArgvInput), Object(Symfony\\Component\\Console\\Output\\ConsoleOutput))
#17 /Users/aybarsm/PersonalSync/Coding/php/LaravelZero/ntrn-chief/vendor/laravel-zero/framework/src/Kernel.php(111): Illuminate\\Foundation\\Console\\Kernel->handle(Object(Symfony\\Component\\Console\\Input\\ArgvInput), Object(Symfony\\Component\\Console\\Output\\ConsoleOutput))
#18 /Users/aybarsm/PersonalSync/Coding/php/LaravelZero/ntrn-chief/ntrn(35): LaravelZero\\Framework\\Kernel->handle(Object(Symfony\\Component\\Console\\Input\\ArgvInput), Object(Symfony\\Component\\Console\\Output\\ConsoleOutput))
#19 {main}
"} 
