[2024-10-25 18:25:22] production.ERROR: file_get_contents(): SSL operation failed with code 1. OpenSSL Error messages:
error:0A000086:SSL routines::certificate verify failed {"exception":"[object] (Humbug\\SelfUpdate\\Exception\\HttpRequestException(code: 0): file_get_contents(): SSL operation failed with code 1. OpenSSL Error messages:
error:0A000086:SSL routines::certificate verify failed at phar:///Users/aybarsm/PersonalSync/Coding/php/LaravelZero/ntrn-chief/builds/v0.0.1-20241025T182405Z/ntrn-macos-aarch64/vendor/laravel-zero/phar-updater/src/Updater.php:338)
[stacktrace]
#0 [internal function]: Humbug\\SelfUpdate\\Updater->throwHttpRequestException(2, 'file_get_conten...', 'phar:///Users/a...', 94)
#1 phar:///Users/aybarsm/PersonalSync/Coding/php/LaravelZero/ntrn-chief/builds/v0.0.1-20241025T182405Z/ntrn-macos-aarch64/vendor/laravel-zero/phar-updater/src/Strategy/GithubStrategy.php(94): file_get_contents('https://packagi...')
#2 phar:///Users/aybarsm/PersonalSync/Coding/php/LaravelZero/ntrn-chief/builds/v0.0.1-20241025T182405Z/ntrn-macos-aarch64/vendor/laravel-zero/phar-updater/src/Updater.php(348): Humbug\\SelfUpdate\\Strategy\\GithubStrategy->getCurrentRemoteVersion(Object(Humbug\\SelfUpdate\\Updater))
#3 phar:///Users/aybarsm/PersonalSync/Coding/php/LaravelZero/ntrn-chief/builds/v0.0.1-20241025T182405Z/ntrn-macos-aarch64/vendor/laravel-zero/phar-updater/src/Updater.php(129): Humbug\\SelfUpdate\\Updater->newVersionAvailable()
#4 phar:///Users/aybarsm/PersonalSync/Coding/php/LaravelZero/ntrn-chief/builds/v0.0.1-20241025T182405Z/ntrn-macos-aarch64/vendor/laravel-zero/phar-updater/src/Updater.php(142): Humbug\\SelfUpdate\\Updater->hasUpdate()
#5 phar:///Users/aybarsm/PersonalSync/Coding/php/LaravelZero/ntrn-chief/builds/v0.0.1-20241025T182405Z/ntrn-macos-aarch64/vendor/laravel-zero/framework/src/Components/Updater/Updater.php(41): Humbug\\SelfUpdate\\Updater->update()
#6 phar:///Users/aybarsm/PersonalSync/Coding/php/LaravelZero/ntrn-chief/builds/v0.0.1-20241025T182405Z/ntrn-macos-aarch64/vendor/laravel-zero/framework/src/Components/Updater/SelfUpdateCommand.php(37): LaravelZero\\Framework\\Components\\Updater\\Updater->update(Object(Illuminate\\Console\\OutputStyle))
#7 phar:///Users/aybarsm/PersonalSync/Coding/php/LaravelZero/ntrn-chief/builds/v0.0.1-20241025T182405Z/ntrn-macos-aarch64/vendor/illuminate/container/BoundMethod.php(36): LaravelZero\\Framework\\Components\\Updater\\SelfUpdateCommand->handle(Object(LaravelZero\\Framework\\Components\\Updater\\Updater))
#8 phar:///Users/aybarsm/PersonalSync/Coding/php/LaravelZero/ntrn-chief/builds/v0.0.1-20241025T182405Z/ntrn-macos-aarch64/vendor/illuminate/container/Util.php(43): Illuminate\\Container\\BoundMethod::Illuminate\\Container\\{closure}()
#9 phar:///Users/aybarsm/PersonalSync/Coding/php/LaravelZero/ntrn-chief/builds/v0.0.1-20241025T182405Z/ntrn-macos-aarch64/vendor/illuminate/container/BoundMethod.php(95): Illuminate\\Container\\Util::unwrapIfClosure(Object(Closure))
#10 phar:///Users/aybarsm/PersonalSync/Coding/php/LaravelZero/ntrn-chief/builds/v0.0.1-20241025T182405Z/ntrn-macos-aarch64/vendor/illuminate/container/BoundMethod.php(35): Illuminate\\Container\\BoundMethod::callBoundMethod(Object(LaravelZero\\Framework\\Application), Array, Object(Closure))
#11 phar:///Users/aybarsm/PersonalSync/Coding/php/LaravelZero/ntrn-chief/builds/v0.0.1-20241025T182405Z/ntrn-macos-aarch64/vendor/illuminate/container/Container.php(690): Illuminate\\Container\\BoundMethod::call(Object(LaravelZero\\Framework\\Application), Array, Array, NULL)
#12 phar:///Users/aybarsm/PersonalSync/Coding/php/LaravelZero/ntrn-chief/builds/v0.0.1-20241025T182405Z/ntrn-macos-aarch64/vendor/illuminate/console/Command.php(213): Illuminate\\Container\\Container->call(Array)
#13 phar:///Users/aybarsm/PersonalSync/Coding/php/LaravelZero/ntrn-chief/builds/v0.0.1-20241025T182405Z/ntrn-macos-aarch64/vendor/symfony/console/Command/Command.php(279): Illuminate\\Console\\Command->execute(Object(Symfony\\Component\\Console\\Input\\ArgvInput), Object(Illuminate\\Console\\OutputStyle))
#14 phar:///Users/aybarsm/PersonalSync/Coding/php/LaravelZero/ntrn-chief/builds/v0.0.1-20241025T182405Z/ntrn-macos-aarch64/vendor/illuminate/console/Command.php(182): Symfony\\Component\\Console\\Command\\Command->run(Object(Symfony\\Component\\Console\\Input\\ArgvInput), Object(Illuminate\\Console\\OutputStyle))
#15 phar:///Users/aybarsm/PersonalSync/Coding/php/LaravelZero/ntrn-chief/builds/v0.0.1-20241025T182405Z/ntrn-macos-aarch64/vendor/symfony/console/Application.php(1047): Illuminate\\Console\\Command->run(Object(Symfony\\Component\\Console\\Input\\ArgvInput), Object(Symfony\\Component\\Console\\Output\\ConsoleOutput))
#16 phar:///Users/aybarsm/PersonalSync/Coding/php/LaravelZero/ntrn-chief/builds/v0.0.1-20241025T182405Z/ntrn-macos-aarch64/vendor/symfony/console/Application.php(316): Symfony\\Component\\Console\\Application->doRunCommand(Object(LaravelZero\\Framework\\Components\\Updater\\SelfUpdateCommand), Object(Symfony\\Component\\Console\\Input\\ArgvInput), Object(Symfony\\Component\\Console\\Output\\ConsoleOutput))
#17 phar:///Users/aybarsm/PersonalSync/Coding/php/LaravelZero/ntrn-chief/builds/v0.0.1-20241025T182405Z/ntrn-macos-aarch64/vendor/symfony/console/Application.php(167): Symfony\\Component\\Console\\Application->doRun(Object(Symfony\\Component\\Console\\Input\\ArgvInput), Object(Symfony\\Component\\Console\\Output\\ConsoleOutput))
#18 phar:///Users/aybarsm/PersonalSync/Coding/php/LaravelZero/ntrn-chief/builds/v0.0.1-20241025T182405Z/ntrn-macos-aarch64/vendor/laravel-zero/foundation/src/Illuminate/Foundation/Console/Kernel.php(196): Symfony\\Component\\Console\\Application->run(Object(Symfony\\Component\\Console\\Input\\ArgvInput), Object(Symfony\\Component\\Console\\Output\\ConsoleOutput))
#19 phar:///Users/aybarsm/PersonalSync/Coding/php/LaravelZero/ntrn-chief/builds/v0.0.1-20241025T182405Z/ntrn-macos-aarch64/vendor/laravel-zero/framework/src/Kernel.php(111): Illuminate\\Foundation\\Console\\Kernel->handle(Object(Symfony\\Component\\Console\\Input\\ArgvInput), Object(Symfony\\Component\\Console\\Output\\ConsoleOutput))
#20 phar:///Users/aybarsm/PersonalSync/Coding/php/LaravelZero/ntrn-chief/builds/v0.0.1-20241025T182405Z/ntrn-macos-aarch64/ntrn(34): LaravelZero\\Framework\\Kernel->handle(Object(Symfony\\Component\\Console\\Input\\ArgvInput), Object(Symfony\\Component\\Console\\Output\\ConsoleOutput))
#21 /Users/aybarsm/PersonalSync/Coding/php/LaravelZero/ntrn-chief/builds/v0.0.1-20241025T182405Z/ntrn-macos-aarch64(15): require('phar:///Users/a...')
#22 {main}
"} 
[2024-10-25 18:25:22] production.ERROR: file_exists(): Passing null to parameter #1 ($filename) of type string is deprecated {"exception":"[object] (Humbug\\SelfUpdate\\Exception\\HttpRequestException(code: 0): file_exists(): Passing null to parameter #1 ($filename) of type string is deprecated at phar:///Users/aybarsm/PersonalSync/Coding/php/LaravelZero/ntrn-chief/builds/v0.0.1-20241025T182405Z/ntrn-macos-aarch64/vendor/laravel-zero/phar-updater/src/Updater.php:338)
[stacktrace]
#0 [internal function]: Humbug\\SelfUpdate\\Updater->throwHttpRequestException(8192, 'file_exists(): ...', 'phar:///Users/a...', 29)
#1 phar:///Users/aybarsm/PersonalSync/Coding/php/LaravelZero/ntrn-chief/builds/v0.0.1-20241025T182405Z/ntrn-macos-aarch64/vendor/illuminate/filesystem/Filesystem.php(29): file_exists(NULL)
#2 phar:///Users/aybarsm/PersonalSync/Coding/php/LaravelZero/ntrn-chief/builds/v0.0.1-20241025T182405Z/ntrn-macos-aarch64/vendor/illuminate/support/Facades/Facade.php(358): Illuminate\\Filesystem\\Filesystem->exists(NULL)
#3 phar:///Users/aybarsm/PersonalSync/Coding/php/LaravelZero/ntrn-chief/builds/v0.0.1-20241025T182405Z/ntrn-macos-aarch64/app/Commands/Customised/AppBuild.php(278): Illuminate\\Support\\Facades\\Facade::__callStatic('exists', Array)
#4 phar:///Users/aybarsm/PersonalSync/Coding/php/LaravelZero/ntrn-chief/builds/v0.0.1-20241025T182405Z/ntrn-macos-aarch64/app/Commands/Customised/AppBuild.php(304): App\\Commands\\Customised\\AppBuild->cleanUp()
#5 [internal function]: App\\Commands\\Customised\\AppBuild->__destruct()
#6 {main}
"} 
